<?xml version="1.0" encoding="UTF-8"?>
<robot generator="Robot 7.4.1 (Python 3.13.6 on win32)" generated="2026-03-15T11:53:17.879175" rpa="false" schemaversion="5">
<suite id="s1" name="Tests" source="C:\Leonov\CloudApplicationArchitecture2026Online\week01\my-school-backend\tests">
<suite id="s1-s1" name="Api Tests" source="C:\Leonov\CloudApplicationArchitecture2026Online\week01\my-school-backend\tests\api_tests.robot">
<test id="s1-s1-t1" name="Test Get Student By ID 22" line="12">
<kw name="Create Session" owner="RequestsLibrary">
<msg time="2026-03-15T11:53:18.421824" level="INFO">Creating Session using : alias=api_session, url=http://localhost:3001, headers={},                     cookies={}, auth=None, timeout=None, proxies=None, verify=False,                     debug=0 </msg>
<arg>api_session</arg>
<arg>${BASE_URL}</arg>
<doc>Create Session: create a HTTP session to a server</doc>
<status status="PASS" start="2026-03-15T11:53:18.421615" elapsed="0.000387"/>
</kw>
<kw name="Create Dictionary" owner="BuiltIn">
<msg time="2026-03-15T11:53:18.422804" level="INFO">${params} = {'userName': 'testuser'}</msg>
<var>${params}</var>
<arg>userName=${USERNAME}</arg>
<doc>Creates and returns a dictionary based on the given ``items``.</doc>
<status status="PASS" start="2026-03-15T11:53:18.422369" elapsed="0.000460"/>
</kw>
<kw name="GET On Session" owner="RequestsLibrary">
<msg time="2026-03-15T11:53:18.439932" level="INFO">GET Request : url=http://localhost:3001/students/get/22?userName=testuser 
 path_url=/students/get/22?userName=testuser 
 headers={'User-Agent': 'python-requests/2.32.5', 'Accept-Encoding': 'gzip, deflate', 'Accept': '*/*', 'Connection': 'keep-alive'} 
 body=None 
 </msg>
<msg time="2026-03-15T11:53:18.440062" level="INFO">GET Response : url=http://localhost:3001/students/get/22?userName=testuser 
 status=200, reason=OK 
 headers={'X-Powered-By': 'Express', 'Content-Type': 'application/json; charset=utf-8', 'Content-Length': '80', 'ETag': 'W/"50-e9GrprmLWu+QEuT24B8nkVMsufY"', 'Date': 'Sun, 15 Mar 2026 10:53:18 GMT', 'Connection': 'keep-alive', 'Keep-Alive': 'timeout=5'} 
 body={"id":22,"name":"Oscar Baker","dob":"2006-06-14","class":1,"className":"Ampere"} 
 </msg>
<msg time="2026-03-15T11:53:18.440200" level="INFO">${response} = &lt;Response [200]&gt;</msg>
<var>${response}</var>
<arg>api_session</arg>
<arg>/students/get/22</arg>
<arg>params=${params}</arg>
<doc>Sends a GET request on a previously created HTTP Session.</doc>
<status status="PASS" start="2026-03-15T11:53:18.423139" elapsed="0.017086"/>
</kw>
<kw name="Should Be Equal As Integers" owner="BuiltIn">
<msg time="2026-03-15T11:53:18.442050" level="INFO">Argument types are:
&lt;class 'int'&gt;
&lt;class 'str'&gt;</msg>
<arg>${response.status_code}</arg>
<arg>200</arg>
<doc>Fails if objects are unequal after converting them to integers.</doc>
<status status="PASS" start="2026-03-15T11:53:18.440879" elapsed="0.001261"/>
</kw>
<kw name="Set Variable" owner="BuiltIn">
<msg time="2026-03-15T11:53:18.443578" level="INFO">${json_body} = {'id': 22, 'name': 'Oscar Baker', 'dob': '2006-06-14', 'class': 1, 'className': 'Ampere'}</msg>
<var>${json_body}</var>
<arg>${response.json()}</arg>
<doc>Returns the given values which can then be assigned to a variables.</doc>
<status status="PASS" start="2026-03-15T11:53:18.442851" elapsed="0.000768"/>
</kw>
<kw name="Should Be Equal As Integers" owner="BuiltIn">
<msg time="2026-03-15T11:53:18.444672" level="INFO">Argument types are:
&lt;class 'int'&gt;
&lt;class 'str'&gt;</msg>
<arg>${json_body['id']}</arg>
<arg>22</arg>
<doc>Fails if objects are unequal after converting them to integers.</doc>
<status status="PASS" start="2026-03-15T11:53:18.444046" elapsed="0.000680"/>
</kw>
<kw name="Should Be Equal" owner="BuiltIn">
<arg>${json_body['name']}</arg>
<arg>Oscar Baker</arg>
<doc>Fails if the given objects are unequal.</doc>
<status status="PASS" start="2026-03-15T11:53:18.445077" elapsed="0.000498"/>
</kw>
<kw name="Should Be Equal" owner="BuiltIn">
<arg>${json_body['dob']}</arg>
<arg>2006-06-14</arg>
<doc>Fails if the given objects are unequal.</doc>
<status status="PASS" start="2026-03-15T11:53:18.445916" elapsed="0.000521"/>
</kw>
<kw name="Should Be Equal As Integers" owner="BuiltIn">
<msg time="2026-03-15T11:53:18.447222" level="INFO">Argument types are:
&lt;class 'int'&gt;
&lt;class 'str'&gt;</msg>
<arg>${json_body['class']}</arg>
<arg>1</arg>
<doc>Fails if objects are unequal after converting them to integers.</doc>
<status status="PASS" start="2026-03-15T11:53:18.446753" elapsed="0.000518"/>
</kw>
<doc>Test retrieving student with ID 22 (Oscar Baker)</doc>
<tag>get</tag>
<tag>students</tag>
<status status="PASS" start="2026-03-15T11:53:18.420733" elapsed="0.027213"/>
</test>
<test id="s1-s1-t2" name="Test Get Performance Report" line="31">
<kw name="Create Session" owner="RequestsLibrary">
<msg time="2026-03-15T11:53:18.449575" level="INFO">Creating Session using : alias=api_session, url=http://localhost:3001, headers={},                     cookies={}, auth=None, timeout=None, proxies=None, verify=False,                     debug=0 </msg>
<arg>api_session</arg>
<arg>${BASE_URL}</arg>
<doc>Create Session: create a HTTP session to a server</doc>
<status status="PASS" start="2026-03-15T11:53:18.449240" elapsed="0.000595"/>
</kw>
<kw name="Create Dictionary" owner="BuiltIn">
<msg time="2026-03-15T11:53:18.450771" level="INFO">${params} = {'userName': 'testuser'}</msg>
<var>${params}</var>
<arg>userName=${USERNAME}</arg>
<doc>Creates and returns a dictionary based on the given ``items``.</doc>
<status status="PASS" start="2026-03-15T11:53:18.450390" elapsed="0.000411"/>
</kw>
<kw name="GET On Session" owner="RequestsLibrary">
<msg time="2026-03-15T11:53:18.455205" level="INFO">GET Request : url=http://localhost:3001/reports/performance?userName=testuser 
 path_url=/reports/performance?userName=testuser 
 headers={'User-Agent': 'python-requests/2.32.5', 'Accept-Encoding': 'gzip, deflate', 'Accept': '*/*', 'Connection': 'keep-alive'} 
 body=None 
 </msg>
<msg time="2026-03-15T11:53:18.455299" level="INFO">GET Response : url=http://localhost:3001/reports/performance?userName=testuser 
 status=404, reason=Not Found 
 headers={'X-Powered-By': 'Express', 'Content-Security-Policy': "default-src 'none'", 'X-Content-Type-Options': 'nosniff', 'Content-Type': 'text/html; charset=utf-8', 'Content-Length': '158', 'Date': 'Sun, 15 Mar 2026 10:53:18 GMT', 'Connection': 'keep-alive', 'Keep-Alive': 'timeout=5'} 
 body=&lt;!DOCTYPE html&gt;
&lt;html lang="en"&gt;
&lt;head&gt;
&lt;meta charset="utf-8"&gt;
&lt;title&gt;Error&lt;/title&gt;
&lt;/head&gt;
&lt;body&gt;
&lt;pre&gt;Cannot GET /reports/performance&lt;/pre&gt;
&lt;/body&gt;
&lt;/html&gt;
 
 </msg>
<msg time="2026-03-15T11:53:18.455450" level="FAIL">HTTPError: 404 Client Error: Not Found for url: http://localhost:3001/reports/performance?userName=testuser</msg>
<var>${response}</var>
<arg>api_session</arg>
<arg>/reports/performance</arg>
<arg>params=${params}</arg>
<doc>Sends a GET request on a previously created HTTP Session.</doc>
<status status="FAIL" start="2026-03-15T11:53:18.451158" elapsed="0.017010">HTTPError: 404 Client Error: Not Found for url: http://localhost:3001/reports/performance?userName=testuser</status>
</kw>
<kw name="Should Be Equal As Integers" owner="BuiltIn">
<arg>${response.status_code}</arg>
<arg>200</arg>
<doc>Fails if objects are unequal after converting them to integers.</doc>
<status status="NOT RUN" start="2026-03-15T11:53:18.468771" elapsed="0.000038"/>
</kw>
<kw name="Set Variable" owner="BuiltIn">
<var>${json_body}</var>
<arg>${response.json()}</arg>
<doc>Returns the given values which can then be assigned to a variables.</doc>
<status status="NOT RUN" start="2026-03-15T11:53:18.469359" elapsed="0.000054"/>
</kw>
<kw name="Should Be True" owner="BuiltIn">
<arg>isinstance(${json_body}, list)</arg>
<doc>Fails if the given condition is not true.</doc>
<status status="NOT RUN" start="2026-03-15T11:53:18.469956" elapsed="0.000047"/>
</kw>
<kw name="Get Length" owner="BuiltIn">
<var>${length}</var>
<arg>${json_body}</arg>
<doc>Returns and logs the length of the given item as an integer.</doc>
<status status="NOT RUN" start="2026-03-15T11:53:18.470654" elapsed="0.000030"/>
</kw>
<kw name="Should Be Greater Than">
<arg>${length}</arg>
<arg>0</arg>
<status status="NOT RUN" start="2026-03-15T11:53:18.471061" elapsed="0.000026"/>
</kw>
<kw name="Get From List" owner="Collections">
<var>${first_entry}</var>
<arg>${json_body}</arg>
<arg>0</arg>
<doc>Returns the value specified with an ``index`` from ``list``.</doc>
<status status="NOT RUN" start="2026-03-15T11:53:18.471397" elapsed="0.000027"/>
</kw>
<kw name="Should Have Key">
<arg>${first_entry}</arg>
<arg>idStudent</arg>
<doc>Keyword to check if dictionary has a specific key</doc>
<status status="NOT RUN" start="2026-03-15T11:53:18.472097" elapsed="0.000055"/>
</kw>
<kw name="Should Have Key">
<arg>${first_entry}</arg>
<arg>nameStudent</arg>
<doc>Keyword to check if dictionary has a specific key</doc>
<status status="NOT RUN" start="2026-03-15T11:53:18.472595" elapsed="0.000026"/>
</kw>
<kw name="Should Have Key">
<arg>${first_entry}</arg>
<arg>dob</arg>
<doc>Keyword to check if dictionary has a specific key</doc>
<status status="NOT RUN" start="2026-03-15T11:53:18.473108" elapsed="0.000044"/>
</kw>
<kw name="Should Have Key">
<arg>${first_entry}</arg>
<arg>idClass</arg>
<doc>Keyword to check if dictionary has a specific key</doc>
<status status="NOT RUN" start="2026-03-15T11:53:18.473880" elapsed="0.000064"/>
</kw>
<kw name="Should Have Key">
<arg>${first_entry}</arg>
<arg>nameClass</arg>
<doc>Keyword to check if dictionary has a specific key</doc>
<status status="NOT RUN" start="2026-03-15T11:53:18.474419" elapsed="0.000037"/>
</kw>
<kw name="Should Have Key">
<arg>${first_entry}</arg>
<arg>subjectStats</arg>
<doc>Keyword to check if dictionary has a specific key</doc>
<status status="NOT RUN" start="2026-03-15T11:53:18.474919" elapsed="0.000019"/>
</kw>
<kw name="Get From Dictionary" owner="Collections">
<var>${subjectStats}</var>
<arg>${first_entry}</arg>
<arg>subjectStats</arg>
<doc>Returns a value from the given ``dictionary`` based on the given ``key``.</doc>
<status status="NOT RUN" start="2026-03-15T11:53:18.475394" elapsed="0.000034"/>
</kw>
<kw name="Should Be True" owner="BuiltIn">
<arg>isinstance(${subjectStats}, list)</arg>
<doc>Fails if the given condition is not true.</doc>
<status status="NOT RUN" start="2026-03-15T11:53:18.475809" elapsed="0.000024"/>
</kw>
<kw name="Get Length" owner="BuiltIn">
<var>${stats_length}</var>
<arg>${subjectStats}</arg>
<doc>Returns and logs the length of the given item as an integer.</doc>
<status status="NOT RUN" start="2026-03-15T11:53:18.476250" elapsed="0.000019"/>
</kw>
<kw name="Should Be Greater Than">
<arg>${stats_length}</arg>
<arg>0</arg>
<status status="NOT RUN" start="2026-03-15T11:53:18.476593" elapsed="0.000019"/>
</kw>
<kw name="Get From List" owner="Collections">
<var>${first_subject}</var>
<arg>${subjectStats}</arg>
<arg>0</arg>
<doc>Returns the value specified with an ``index`` from ``list``.</doc>
<status status="NOT RUN" start="2026-03-15T11:53:18.477110" elapsed="0.000036"/>
</kw>
<kw name="Should Have Key">
<arg>${first_subject}</arg>
<arg>idSubject</arg>
<doc>Keyword to check if dictionary has a specific key</doc>
<status status="NOT RUN" start="2026-03-15T11:53:18.477819" elapsed="0.000068"/>
</kw>
<kw name="Should Have Key">
<arg>${first_subject}</arg>
<arg>nameSubject</arg>
<doc>Keyword to check if dictionary has a specific key</doc>
<status status="NOT RUN" start="2026-03-15T11:53:18.478486" elapsed="0.000040"/>
</kw>
<kw name="Should Have Key">
<arg>${first_subject}</arg>
<arg>value</arg>
<doc>Keyword to check if dictionary has a specific key</doc>
<status status="NOT RUN" start="2026-03-15T11:53:18.478968" elapsed="0.000031"/>
</kw>
<doc>Test retrieving the performance report for all students</doc>
<tag>performance</tag>
<tag>reports</tag>
<status status="FAIL" start="2026-03-15T11:53:18.448814" elapsed="0.030555">HTTPError: 404 Client Error: Not Found for url: http://localhost:3001/reports/performance?userName=testuser</status>
</test>
<test id="s1-s1-t3" name="Test Get Performance Report Contains Student 22" line="71">
<kw name="Create Session" owner="RequestsLibrary">
<msg time="2026-03-15T11:53:18.480636" level="INFO">Creating Session using : alias=api_session, url=http://localhost:3001, headers={},                     cookies={}, auth=None, timeout=None, proxies=None, verify=False,                     debug=0 </msg>
<arg>api_session</arg>
<arg>${BASE_URL}</arg>
<doc>Create Session: create a HTTP session to a server</doc>
<status status="PASS" start="2026-03-15T11:53:18.480478" elapsed="0.000300"/>
</kw>
<kw name="Create Dictionary" owner="BuiltIn">
<msg time="2026-03-15T11:53:18.482208" level="INFO">${params} = {'userName': 'testuser'}</msg>
<var>${params}</var>
<arg>userName=${USERNAME}</arg>
<doc>Creates and returns a dictionary based on the given ``items``.</doc>
<status status="PASS" start="2026-03-15T11:53:18.481514" elapsed="0.000747"/>
</kw>
<kw name="GET On Session" owner="RequestsLibrary">
<msg time="2026-03-15T11:53:18.486256" level="INFO">GET Request : url=http://localhost:3001/reports/performance?userName=testuser 
 path_url=/reports/performance?userName=testuser 
 headers={'User-Agent': 'python-requests/2.32.5', 'Accept-Encoding': 'gzip, deflate', 'Accept': '*/*', 'Connection': 'keep-alive'} 
 body=None 
 </msg>
<msg time="2026-03-15T11:53:18.486328" level="INFO">GET Response : url=http://localhost:3001/reports/performance?userName=testuser 
 status=404, reason=Not Found 
 headers={'X-Powered-By': 'Express', 'Content-Security-Policy': "default-src 'none'", 'X-Content-Type-Options': 'nosniff', 'Content-Type': 'text/html; charset=utf-8', 'Content-Length': '158', 'Date': 'Sun, 15 Mar 2026 10:53:18 GMT', 'Connection': 'keep-alive', 'Keep-Alive': 'timeout=5'} 
 body=&lt;!DOCTYPE html&gt;
&lt;html lang="en"&gt;
&lt;head&gt;
&lt;meta charset="utf-8"&gt;
&lt;title&gt;Error&lt;/title&gt;
&lt;/head&gt;
&lt;body&gt;
&lt;pre&gt;Cannot GET /reports/performance&lt;/pre&gt;
&lt;/body&gt;
&lt;/html&gt;
 
 </msg>
<msg time="2026-03-15T11:53:18.486429" level="FAIL">HTTPError: 404 Client Error: Not Found for url: http://localhost:3001/reports/performance?userName=testuser</msg>
<var>${response}</var>
<arg>api_session</arg>
<arg>/reports/performance</arg>
<arg>params=${params}</arg>
<doc>Sends a GET request on a previously created HTTP Session.</doc>
<status status="FAIL" start="2026-03-15T11:53:18.482787" elapsed="0.004461">HTTPError: 404 Client Error: Not Found for url: http://localhost:3001/reports/performance?userName=testuser</status>
</kw>
<kw name="Should Be Equal As Integers" owner="BuiltIn">
<arg>${response.status_code}</arg>
<arg>200</arg>
<doc>Fails if objects are unequal after converting them to integers.</doc>
<status status="NOT RUN" start="2026-03-15T11:53:18.487723" elapsed="0.000031"/>
</kw>
<kw name="Set Variable" owner="BuiltIn">
<var>${json_body}</var>
<arg>${response.json()}</arg>
<doc>Returns the given values which can then be assigned to a variables.</doc>
<status status="NOT RUN" start="2026-03-15T11:53:18.488049" elapsed="0.000025"/>
</kw>
<kw name="Set Variable" owner="BuiltIn">
<var>${student_found}</var>
<arg>False</arg>
<doc>Returns the given values which can then be assigned to a variables.</doc>
<status status="NOT RUN" start="2026-03-15T11:53:18.488297" elapsed="0.000020"/>
</kw>
<for flavor="IN">
<iter>
<kw name="Get From Dictionary" owner="Collections">
<var>${id}</var>
<arg>${entry}</arg>
<arg>idStudent</arg>
<doc>Returns a value from the given ``dictionary`` based on the given ``key``.</doc>
<status status="NOT RUN" start="2026-03-15T11:53:18.488709" elapsed="0.000022"/>
</kw>
<kw name="Get From Dictionary" owner="Collections">
<var>${name}</var>
<arg>${entry}</arg>
<arg>nameStudent</arg>
<doc>Returns a value from the given ``dictionary`` based on the given ``key``.</doc>
<status status="NOT RUN" start="2026-03-15T11:53:18.488799" elapsed="0.000013"/>
</kw>
<kw name="Run Keyword If" owner="BuiltIn">
<arg>${id} == 22</arg>
<arg>Log</arg>
<arg>Found student ${name} with ID ${id}</arg>
<doc>Runs the given keyword with the given arguments, if ``condition`` is true.</doc>
<status status="NOT RUN" start="2026-03-15T11:53:18.489003" elapsed="0.000015"/>
</kw>
<kw name="Run Keyword If" owner="BuiltIn">
<arg>${id} == 22</arg>
<arg>Set Test Variable</arg>
<arg>${student_found}</arg>
<arg>True</arg>
<doc>Runs the given keyword with the given arguments, if ``condition`` is true.</doc>
<status status="NOT RUN" start="2026-03-15T11:53:18.489084" elapsed="0.000014"/>
</kw>
<var name="${entry}"/>
<status status="NOT RUN" start="2026-03-15T11:53:18.488633" elapsed="0.000493"/>
</iter>
<var>${entry}</var>
<value>@{json_body}</value>
<status status="NOT RUN" start="2026-03-15T11:53:18.488535" elapsed="0.000619"/>
</for>
<kw name="Should Be True" owner="BuiltIn">
<arg>${student_found}</arg>
<arg>Student 22 not found in performance report</arg>
<doc>Fails if the given condition is not true.</doc>
<status status="NOT RUN" start="2026-03-15T11:53:18.489458" elapsed="0.000031"/>
</kw>
<doc>Test that performance report contains Ava Baker (student 22)</doc>
<tag>integration</tag>
<tag>performance</tag>
<tag>reports</tag>
<status status="FAIL" start="2026-03-15T11:53:18.480073" elapsed="0.009841">HTTPError: 404 Client Error: Not Found for url: http://localhost:3001/reports/performance?userName=testuser</status>
</test>
<test id="s1-s1-t4" name="Test Add Grade Successfully" line="96">
<kw name="Create Session" owner="RequestsLibrary">
<msg time="2026-03-15T11:53:18.492014" level="INFO">Creating Session using : alias=api_session, url=http://localhost:3001, headers={},                     cookies={}, auth=None, timeout=None, proxies=None, verify=False,                     debug=0 </msg>
<arg>api_session</arg>
<arg>${BASE_URL}</arg>
<doc>Create Session: create a HTTP session to a server</doc>
<status status="PASS" start="2026-03-15T11:53:18.491750" elapsed="0.000413"/>
</kw>
<kw name="Create Dictionary" owner="BuiltIn">
<msg time="2026-03-15T11:53:18.492844" level="INFO">${grade_data} = {'idStudent': '22', 'idSubject': '1', 'date': '2024-03-05', 'mark': '5'}</msg>
<var>${grade_data}</var>
<arg>idStudent=22</arg>
<arg>idSubject=1</arg>
<arg>date=2024-03-05</arg>
<arg>mark=5</arg>
<doc>Creates and returns a dictionary based on the given ``items``.</doc>
<status status="PASS" start="2026-03-15T11:53:18.492481" elapsed="0.000388"/>
</kw>
<kw name="Create Dictionary" owner="BuiltIn">
<msg time="2026-03-15T11:53:18.493428" level="INFO">${params} = {'userName': 'testuser'}</msg>
<var>${params}</var>
<arg>userName=${USERNAME}</arg>
<doc>Creates and returns a dictionary based on the given ``items``.</doc>
<status status="PASS" start="2026-03-15T11:53:18.493158" elapsed="0.000293"/>
</kw>
<kw name="POST On Session" owner="RequestsLibrary">
<msg time="2026-03-15T11:53:18.500863" level="INFO">POST Request : url=http://localhost:3001/grades/add?userName=testuser 
 path_url=/grades/add?userName=testuser 
 headers={'User-Agent': 'python-requests/2.32.5', 'Accept-Encoding': 'gzip, deflate', 'Accept': '*/*', 'Connection': 'keep-alive', 'Content-Length': '72', 'Content-Type': 'application/json'} 
 body=b'{"idStudent": "22", "idSubject": "1", "date": "2024-03-05", "mark": "5"}' 
 </msg>
<msg time="2026-03-15T11:53:18.500945" level="INFO">POST Response : url=http://localhost:3001/grades/add?userName=testuser 
 status=500, reason=Internal Server Error 
 headers={'X-Powered-By': 'Express', 'Content-Security-Policy': "default-src 'none'", 'X-Content-Type-Options': 'nosniff', 'Content-Type': 'text/html; charset=utf-8', 'Content-Length': '643', 'Date': 'Sun, 15 Mar 2026 10:53:18 GMT', 'Connection': 'keep-alive', 'Keep-Alive': 'timeout=5'} 
 body=&lt;!DOCTYPE html&gt;
&lt;html lang="en"&gt;
&lt;head&gt;
&lt;meta charset="utf-8"&gt;
&lt;title&gt;Error&lt;/title&gt;
&lt;/head&gt;
&lt;body&gt;
&lt;pre&gt;SyntaxError: Unexpected end of JSON input&lt;br&gt; &amp;nbsp; &amp;nbsp;at JSON.parse (&amp;lt;anonymous&amp;gt;)&lt;br&gt; &amp;nbsp; &amp;nbsp;at readDataRoutines (C:\Leonov\CloudApplicationArchitecture2026Online\week01\my-school-backend\data\dataManagementLayer.js:18:17)&lt;br&gt; &amp;nbsp; &amp;nbsp;at async Object.readGrades (C:\Leonov\CloudApplicationArchitecture2026Online\week01\my-school-backend\data\dataManagementLayer.js:38:12)&lt;br&gt; &amp;nbsp; &amp;nbsp;at async C:\Leonov\CloudApplicationArchitecture2026Online\week01\my-school-backend\routes\grades.js:31:31&lt;/pre&gt;
&lt;/body&gt;
&lt;/html&gt;
 
 </msg>
<msg time="2026-03-15T11:53:18.501459" level="FAIL">HTTPError: 500 Server Error: Internal Server Error for url: http://localhost:3001/grades/add?userName=testuser</msg>
<var>${response}</var>
<arg>api_session</arg>
<arg>/grades/add</arg>
<arg>json=${grade_data}</arg>
<arg>params=${params}</arg>
<doc>Sends a POST request on a previously created HTTP Session.</doc>
<status status="FAIL" start="2026-03-15T11:53:18.493835" elapsed="0.008452">HTTPError: 500 Server Error: Internal Server Error for url: http://localhost:3001/grades/add?userName=testuser</status>
</kw>
<kw name="Should Be Equal As Integers" owner="BuiltIn">
<arg>${response.status_code}</arg>
<arg>200</arg>
<doc>Fails if objects are unequal after converting them to integers.</doc>
<status status="NOT RUN" start="2026-03-15T11:53:18.502681" elapsed="0.000026"/>
</kw>
<kw name="Set Variable" owner="BuiltIn">
<var>${json_body}</var>
<arg>${response.json()}</arg>
<doc>Returns the given values which can then be assigned to a variables.</doc>
<status status="NOT RUN" start="2026-03-15T11:53:18.503087" elapsed="0.000025"/>
</kw>
<kw name="Should Be Equal As Integers" owner="BuiltIn">
<arg>${json_body['idStudent']}</arg>
<arg>22</arg>
<doc>Fails if objects are unequal after converting them to integers.</doc>
<status status="NOT RUN" start="2026-03-15T11:53:18.503421" elapsed="0.000027"/>
</kw>
<kw name="Should Be Equal As Integers" owner="BuiltIn">
<arg>${json_body['idSubject']}</arg>
<arg>1</arg>
<doc>Fails if objects are unequal after converting them to integers.</doc>
<status status="NOT RUN" start="2026-03-15T11:53:18.503893" elapsed="0.000034"/>
</kw>
<kw name="Should Be Equal" owner="BuiltIn">
<arg>${json_body['date']}</arg>
<arg>2024-03-05</arg>
<doc>Fails if the given objects are unequal.</doc>
<status status="NOT RUN" start="2026-03-15T11:53:18.504417" elapsed="0.000058"/>
</kw>
<kw name="Should Be Equal As Integers" owner="BuiltIn">
<arg>${json_body['mark']}</arg>
<arg>5</arg>
<doc>Fails if objects are unequal after converting them to integers.</doc>
<status status="NOT RUN" start="2026-03-15T11:53:18.505202" elapsed="0.000074"/>
</kw>
<doc>Test adding a new grade for a student</doc>
<tag>add</tag>
<tag>grades</tag>
<tag>post</tag>
<status status="FAIL" start="2026-03-15T11:53:18.490983" elapsed="0.014928">HTTPError: 500 Server Error: Internal Server Error for url: http://localhost:3001/grades/add?userName=testuser</status>
</test>
<test id="s1-s1-t5" name="Test Add Grade With Different Values" line="126">
<kw name="Create Session" owner="RequestsLibrary">
<msg time="2026-03-15T11:53:18.508028" level="INFO">Creating Session using : alias=api_session, url=http://localhost:3001, headers={},                     cookies={}, auth=None, timeout=None, proxies=None, verify=False,                     debug=0 </msg>
<arg>api_session</arg>
<arg>${BASE_URL}</arg>
<doc>Create Session: create a HTTP session to a server</doc>
<status status="PASS" start="2026-03-15T11:53:18.507707" elapsed="0.000527"/>
</kw>
<kw name="Create Dictionary" owner="BuiltIn">
<msg time="2026-03-15T11:53:18.509257" level="INFO">${grade_data} = {'idStudent': '1', 'idSubject': '2', 'date': '2024-03-06', 'mark': '3'}</msg>
<var>${grade_data}</var>
<arg>idStudent=1</arg>
<arg>idSubject=2</arg>
<arg>date=2024-03-06</arg>
<arg>mark=3</arg>
<doc>Creates and returns a dictionary based on the given ``items``.</doc>
<status status="PASS" start="2026-03-15T11:53:18.508785" elapsed="0.000506"/>
</kw>
<kw name="Create Dictionary" owner="BuiltIn">
<msg time="2026-03-15T11:53:18.510103" level="INFO">${params} = {'userName': 'testuser'}</msg>
<var>${params}</var>
<arg>userName=${USERNAME}</arg>
<doc>Creates and returns a dictionary based on the given ``items``.</doc>
<status status="PASS" start="2026-03-15T11:53:18.509754" elapsed="0.000372"/>
</kw>
<kw name="POST On Session" owner="RequestsLibrary">
<msg time="2026-03-15T11:53:18.516393" level="INFO">POST Request : url=http://localhost:3001/grades/add?userName=testuser 
 path_url=/grades/add?userName=testuser 
 headers={'User-Agent': 'python-requests/2.32.5', 'Accept-Encoding': 'gzip, deflate', 'Accept': '*/*', 'Connection': 'keep-alive', 'Content-Length': '71', 'Content-Type': 'application/json'} 
 body=b'{"idStudent": "1", "idSubject": "2", "date": "2024-03-06", "mark": "3"}' 
 </msg>
<msg time="2026-03-15T11:53:18.516482" level="INFO">POST Response : url=http://localhost:3001/grades/add?userName=testuser 
 status=500, reason=Internal Server Error 
 headers={'X-Powered-By': 'Express', 'Content-Security-Policy': "default-src 'none'", 'X-Content-Type-Options': 'nosniff', 'Content-Type': 'text/html; charset=utf-8', 'Content-Length': '643', 'Date': 'Sun, 15 Mar 2026 10:53:18 GMT', 'Connection': 'keep-alive', 'Keep-Alive': 'timeout=5'} 
 body=&lt;!DOCTYPE html&gt;
&lt;html lang="en"&gt;
&lt;head&gt;
&lt;meta charset="utf-8"&gt;
&lt;title&gt;Error&lt;/title&gt;
&lt;/head&gt;
&lt;body&gt;
&lt;pre&gt;SyntaxError: Unexpected end of JSON input&lt;br&gt; &amp;nbsp; &amp;nbsp;at JSON.parse (&amp;lt;anonymous&amp;gt;)&lt;br&gt; &amp;nbsp; &amp;nbsp;at readDataRoutines (C:\Leonov\CloudApplicationArchitecture2026Online\week01\my-school-backend\data\dataManagementLayer.js:18:17)&lt;br&gt; &amp;nbsp; &amp;nbsp;at async Object.readGrades (C:\Leonov\CloudApplicationArchitecture2026Online\week01\my-school-backend\data\dataManagementLayer.js:38:12)&lt;br&gt; &amp;nbsp; &amp;nbsp;at async C:\Leonov\CloudApplicationArchitecture2026Online\week01\my-school-backend\routes\grades.js:31:31&lt;/pre&gt;
&lt;/body&gt;
&lt;/html&gt;
 
 </msg>
<msg time="2026-03-15T11:53:18.516588" level="FAIL">HTTPError: 500 Server Error: Internal Server Error for url: http://localhost:3001/grades/add?userName=testuser</msg>
<var>${response}</var>
<arg>api_session</arg>
<arg>/grades/add</arg>
<arg>json=${grade_data}</arg>
<arg>params=${params}</arg>
<doc>Sends a POST request on a previously created HTTP Session.</doc>
<status status="FAIL" start="2026-03-15T11:53:18.510399" elapsed="0.007374">HTTPError: 500 Server Error: Internal Server Error for url: http://localhost:3001/grades/add?userName=testuser</status>
</kw>
<kw name="Should Be Equal As Integers" owner="BuiltIn">
<arg>${response.status_code}</arg>
<arg>200</arg>
<doc>Fails if objects are unequal after converting them to integers.</doc>
<status status="NOT RUN" start="2026-03-15T11:53:18.518547" elapsed="0.000066"/>
</kw>
<kw name="Set Variable" owner="BuiltIn">
<var>${json_body}</var>
<arg>${response.json()}</arg>
<doc>Returns the given values which can then be assigned to a variables.</doc>
<status status="NOT RUN" start="2026-03-15T11:53:18.519084" elapsed="0.000025"/>
</kw>
<kw name="Should Be Equal As Integers" owner="BuiltIn">
<arg>${json_body['idStudent']}</arg>
<arg>1</arg>
<doc>Fails if objects are unequal after converting them to integers.</doc>
<status status="NOT RUN" start="2026-03-15T11:53:18.519325" elapsed="0.000020"/>
</kw>
<kw name="Should Be Equal As Integers" owner="BuiltIn">
<arg>${json_body['idSubject']}</arg>
<arg>2</arg>
<doc>Fails if objects are unequal after converting them to integers.</doc>
<status status="NOT RUN" start="2026-03-15T11:53:18.519562" elapsed="0.000020"/>
</kw>
<kw name="Should Be Equal" owner="BuiltIn">
<arg>${json_body['date']}</arg>
<arg>2024-03-06</arg>
<doc>Fails if the given objects are unequal.</doc>
<status status="NOT RUN" start="2026-03-15T11:53:18.519825" elapsed="0.000017"/>
</kw>
<kw name="Should Be Equal As Integers" owner="BuiltIn">
<arg>${json_body['mark']}</arg>
<arg>3</arg>
<doc>Fails if objects are unequal after converting them to integers.</doc>
<status status="NOT RUN" start="2026-03-15T11:53:18.520123" elapsed="0.000017"/>
</kw>
<doc>Test adding another grade with different values</doc>
<tag>add</tag>
<tag>grades</tag>
<tag>post</tag>
<status status="FAIL" start="2026-03-15T11:53:18.507102" elapsed="0.013414">HTTPError: 500 Server Error: Internal Server Error for url: http://localhost:3001/grades/add?userName=testuser</status>
</test>
<test id="s1-s1-t6" name="Test Add Grade Minimum Mark" line="154">
<kw name="Create Session" owner="RequestsLibrary">
<msg time="2026-03-15T11:53:18.521824" level="INFO">Creating Session using : alias=api_session, url=http://localhost:3001, headers={},                     cookies={}, auth=None, timeout=None, proxies=None, verify=False,                     debug=0 </msg>
<arg>api_session</arg>
<arg>${BASE_URL}</arg>
<doc>Create Session: create a HTTP session to a server</doc>
<status status="PASS" start="2026-03-15T11:53:18.521662" elapsed="0.000294"/>
</kw>
<kw name="Create Dictionary" owner="BuiltIn">
<msg time="2026-03-15T11:53:18.522743" level="INFO">${grade_data} = {'idStudent': '5', 'idSubject': '3', 'date': '2024-03-07', 'mark': '1'}</msg>
<var>${grade_data}</var>
<arg>idStudent=5</arg>
<arg>idSubject=3</arg>
<arg>date=2024-03-07</arg>
<arg>mark=1</arg>
<doc>Creates and returns a dictionary based on the given ``items``.</doc>
<status status="PASS" start="2026-03-15T11:53:18.522290" elapsed="0.000504"/>
</kw>
<kw name="Create Dictionary" owner="BuiltIn">
<msg time="2026-03-15T11:53:18.523824" level="INFO">${params} = {'userName': 'testuser'}</msg>
<var>${params}</var>
<arg>userName=${USERNAME}</arg>
<doc>Creates and returns a dictionary based on the given ``items``.</doc>
<status status="PASS" start="2026-03-15T11:53:18.523250" elapsed="0.000625"/>
</kw>
<kw name="POST On Session" owner="RequestsLibrary">
<msg time="2026-03-15T11:53:18.529729" level="INFO">POST Request : url=http://localhost:3001/grades/add?userName=testuser 
 path_url=/grades/add?userName=testuser 
 headers={'User-Agent': 'python-requests/2.32.5', 'Accept-Encoding': 'gzip, deflate', 'Accept': '*/*', 'Connection': 'keep-alive', 'Content-Length': '71', 'Content-Type': 'application/json'} 
 body=b'{"idStudent": "5", "idSubject": "3", "date": "2024-03-07", "mark": "1"}' 
 </msg>
<msg time="2026-03-15T11:53:18.529816" level="INFO">POST Response : url=http://localhost:3001/grades/add?userName=testuser 
 status=500, reason=Internal Server Error 
 headers={'X-Powered-By': 'Express', 'Content-Security-Policy': "default-src 'none'", 'X-Content-Type-Options': 'nosniff', 'Content-Type': 'text/html; charset=utf-8', 'Content-Length': '643', 'Date': 'Sun, 15 Mar 2026 10:53:18 GMT', 'Connection': 'keep-alive', 'Keep-Alive': 'timeout=5'} 
 body=&lt;!DOCTYPE html&gt;
&lt;html lang="en"&gt;
&lt;head&gt;
&lt;meta charset="utf-8"&gt;
&lt;title&gt;Error&lt;/title&gt;
&lt;/head&gt;
&lt;body&gt;
&lt;pre&gt;SyntaxError: Unexpected end of JSON input&lt;br&gt; &amp;nbsp; &amp;nbsp;at JSON.parse (&amp;lt;anonymous&amp;gt;)&lt;br&gt; &amp;nbsp; &amp;nbsp;at readDataRoutines (C:\Leonov\CloudApplicationArchitecture2026Online\week01\my-school-backend\data\dataManagementLayer.js:18:17)&lt;br&gt; &amp;nbsp; &amp;nbsp;at async Object.readGrades (C:\Leonov\CloudApplicationArchitecture2026Online\week01\my-school-backend\data\dataManagementLayer.js:38:12)&lt;br&gt; &amp;nbsp; &amp;nbsp;at async C:\Leonov\CloudApplicationArchitecture2026Online\week01\my-school-backend\routes\grades.js:31:31&lt;/pre&gt;
&lt;/body&gt;
&lt;/html&gt;
 
 </msg>
<msg time="2026-03-15T11:53:18.529946" level="FAIL">HTTPError: 500 Server Error: Internal Server Error for url: http://localhost:3001/grades/add?userName=testuser</msg>
<var>${response}</var>
<arg>api_session</arg>
<arg>/grades/add</arg>
<arg>json=${grade_data}</arg>
<arg>params=${params}</arg>
<doc>Sends a POST request on a previously created HTTP Session.</doc>
<status status="FAIL" start="2026-03-15T11:53:18.524400" elapsed="0.006419">HTTPError: 500 Server Error: Internal Server Error for url: http://localhost:3001/grades/add?userName=testuser</status>
</kw>
<kw name="Should Be Equal As Integers" owner="BuiltIn">
<arg>${response.status_code}</arg>
<arg>200</arg>
<doc>Fails if objects are unequal after converting them to integers.</doc>
<status status="NOT RUN" start="2026-03-15T11:53:18.531297" elapsed="0.000035"/>
</kw>
<kw name="Set Variable" owner="BuiltIn">
<var>${json_body}</var>
<arg>${response.json()}</arg>
<doc>Returns the given values which can then be assigned to a variables.</doc>
<status status="NOT RUN" start="2026-03-15T11:53:18.531676" elapsed="0.000027"/>
</kw>
<kw name="Should Be Equal As Integers" owner="BuiltIn">
<arg>${json_body['mark']}</arg>
<arg>1</arg>
<doc>Fails if objects are unequal after converting them to integers.</doc>
<status status="NOT RUN" start="2026-03-15T11:53:18.531960" elapsed="0.000025"/>
</kw>
<doc>Test adding a grade with minimum mark value (1)</doc>
<tag>add</tag>
<tag>grades</tag>
<tag>post</tag>
<status status="FAIL" start="2026-03-15T11:53:18.521223" elapsed="0.011124">HTTPError: 500 Server Error: Internal Server Error for url: http://localhost:3001/grades/add?userName=testuser</status>
</test>
<test id="s1-s1-t7" name="Test Add Grade Maximum Mark" line="178">
<kw name="Create Session" owner="RequestsLibrary">
<msg time="2026-03-15T11:53:18.533868" level="INFO">Creating Session using : alias=api_session, url=http://localhost:3001, headers={},                     cookies={}, auth=None, timeout=None, proxies=None, verify=False,                     debug=0 </msg>
<arg>api_session</arg>
<arg>${BASE_URL}</arg>
<doc>Create Session: create a HTTP session to a server</doc>
<status status="PASS" start="2026-03-15T11:53:18.533694" elapsed="0.000311"/>
</kw>
<kw name="Create Dictionary" owner="BuiltIn">
<msg time="2026-03-15T11:53:18.534669" level="INFO">${grade_data} = {'idStudent': '10', 'idSubject': '2', 'date': '2024-03-08', 'mark': '5'}</msg>
<var>${grade_data}</var>
<arg>idStudent=10</arg>
<arg>idSubject=2</arg>
<arg>date=2024-03-08</arg>
<arg>mark=5</arg>
<doc>Creates and returns a dictionary based on the given ``items``.</doc>
<status status="PASS" start="2026-03-15T11:53:18.534283" elapsed="0.000418"/>
</kw>
<kw name="Create Dictionary" owner="BuiltIn">
<msg time="2026-03-15T11:53:18.535662" level="INFO">${params} = {'userName': 'testuser'}</msg>
<var>${params}</var>
<arg>userName=${USERNAME}</arg>
<doc>Creates and returns a dictionary based on the given ``items``.</doc>
<status status="PASS" start="2026-03-15T11:53:18.535164" elapsed="0.000535"/>
</kw>
<kw name="POST On Session" owner="RequestsLibrary">
<msg time="2026-03-15T11:53:18.542496" level="INFO">POST Request : url=http://localhost:3001/grades/add?userName=testuser 
 path_url=/grades/add?userName=testuser 
 headers={'User-Agent': 'python-requests/2.32.5', 'Accept-Encoding': 'gzip, deflate', 'Accept': '*/*', 'Connection': 'keep-alive', 'Content-Length': '72', 'Content-Type': 'application/json'} 
 body=b'{"idStudent": "10", "idSubject": "2", "date": "2024-03-08", "mark": "5"}' 
 </msg>
<msg time="2026-03-15T11:53:18.542641" level="INFO">POST Response : url=http://localhost:3001/grades/add?userName=testuser 
 status=500, reason=Internal Server Error 
 headers={'X-Powered-By': 'Express', 'Content-Security-Policy': "default-src 'none'", 'X-Content-Type-Options': 'nosniff', 'Content-Type': 'text/html; charset=utf-8', 'Content-Length': '643', 'Date': 'Sun, 15 Mar 2026 10:53:18 GMT', 'Connection': 'keep-alive', 'Keep-Alive': 'timeout=5'} 
 body=&lt;!DOCTYPE html&gt;
&lt;html lang="en"&gt;
&lt;head&gt;
&lt;meta charset="utf-8"&gt;
&lt;title&gt;Error&lt;/title&gt;
&lt;/head&gt;
&lt;body&gt;
&lt;pre&gt;SyntaxError: Unexpected end of JSON input&lt;br&gt; &amp;nbsp; &amp;nbsp;at JSON.parse (&amp;lt;anonymous&amp;gt;)&lt;br&gt; &amp;nbsp; &amp;nbsp;at readDataRoutines (C:\Leonov\CloudApplicationArchitecture2026Online\week01\my-school-backend\data\dataManagementLayer.js:18:17)&lt;br&gt; &amp;nbsp; &amp;nbsp;at async Object.readGrades (C:\Leonov\CloudApplicationArchitecture2026Online\week01\my-school-backend\data\dataManagementLayer.js:38:12)&lt;br&gt; &amp;nbsp; &amp;nbsp;at async C:\Leonov\CloudApplicationArchitecture2026Online\week01\my-school-backend\routes\grades.js:31:31&lt;/pre&gt;
&lt;/body&gt;
&lt;/html&gt;
 
 </msg>
<msg time="2026-03-15T11:53:18.542823" level="FAIL">HTTPError: 500 Server Error: Internal Server Error for url: http://localhost:3001/grades/add?userName=testuser</msg>
<var>${response}</var>
<arg>api_session</arg>
<arg>/grades/add</arg>
<arg>json=${grade_data}</arg>
<arg>params=${params}</arg>
<doc>Sends a POST request on a previously created HTTP Session.</doc>
<status status="FAIL" start="2026-03-15T11:53:18.536089" elapsed="0.008429">HTTPError: 500 Server Error: Internal Server Error for url: http://localhost:3001/grades/add?userName=testuser</status>
</kw>
<kw name="Should Be Equal As Integers" owner="BuiltIn">
<arg>${response.status_code}</arg>
<arg>200</arg>
<doc>Fails if objects are unequal after converting them to integers.</doc>
<status status="NOT RUN" start="2026-03-15T11:53:18.545122" elapsed="0.000046"/>
</kw>
<kw name="Set Variable" owner="BuiltIn">
<var>${json_body}</var>
<arg>${response.json()}</arg>
<doc>Returns the given values which can then be assigned to a variables.</doc>
<status status="NOT RUN" start="2026-03-15T11:53:18.545716" elapsed="0.000035"/>
</kw>
<kw name="Should Be Equal As Integers" owner="BuiltIn">
<arg>${json_body['mark']}</arg>
<arg>5</arg>
<doc>Fails if objects are unequal after converting them to integers.</doc>
<status status="NOT RUN" start="2026-03-15T11:53:18.546107" elapsed="0.000032"/>
</kw>
<doc>Test adding a grade with maximum mark value (5)</doc>
<tag>add</tag>
<tag>grades</tag>
<tag>post</tag>
<status status="FAIL" start="2026-03-15T11:53:18.533235" elapsed="0.013380">HTTPError: 500 Server Error: Internal Server Error for url: http://localhost:3001/grades/add?userName=testuser</status>
</test>
<test id="s1-s1-t8" name="Test Get Student 22 Has Valid Structure" line="202">
<kw name="Create Session" owner="RequestsLibrary">
<msg time="2026-03-15T11:53:18.548331" level="INFO">Creating Session using : alias=api_session, url=http://localhost:3001, headers={},                     cookies={}, auth=None, timeout=None, proxies=None, verify=False,                     debug=0 </msg>
<arg>api_session</arg>
<arg>${BASE_URL}</arg>
<doc>Create Session: create a HTTP session to a server</doc>
<status status="PASS" start="2026-03-15T11:53:18.548079" elapsed="0.000502"/>
</kw>
<kw name="Create Dictionary" owner="BuiltIn">
<msg time="2026-03-15T11:53:18.549699" level="INFO">${params} = {'userName': 'testuser'}</msg>
<var>${params}</var>
<arg>userName=${USERNAME}</arg>
<doc>Creates and returns a dictionary based on the given ``items``.</doc>
<status status="PASS" start="2026-03-15T11:53:18.549162" elapsed="0.000608"/>
</kw>
<kw name="GET On Session" owner="RequestsLibrary">
<msg time="2026-03-15T11:53:18.556398" level="INFO">GET Request : url=http://localhost:3001/students/get/22?userName=testuser 
 path_url=/students/get/22?userName=testuser 
 headers={'User-Agent': 'python-requests/2.32.5', 'Accept-Encoding': 'gzip, deflate', 'Accept': '*/*', 'Connection': 'keep-alive'} 
 body=None 
 </msg>
<msg time="2026-03-15T11:53:18.556483" level="INFO">GET Response : url=http://localhost:3001/students/get/22?userName=testuser 
 status=200, reason=OK 
 headers={'X-Powered-By': 'Express', 'Content-Type': 'application/json; charset=utf-8', 'Content-Length': '80', 'ETag': 'W/"50-e9GrprmLWu+QEuT24B8nkVMsufY"', 'Date': 'Sun, 15 Mar 2026 10:53:18 GMT', 'Connection': 'keep-alive', 'Keep-Alive': 'timeout=5'} 
 body={"id":22,"name":"Oscar Baker","dob":"2006-06-14","class":1,"className":"Ampere"} 
 </msg>
<msg time="2026-03-15T11:53:18.556622" level="INFO">${response} = &lt;Response [200]&gt;</msg>
<var>${response}</var>
<arg>api_session</arg>
<arg>/students/get/22</arg>
<arg>params=${params}</arg>
<doc>Sends a GET request on a previously created HTTP Session.</doc>
<status status="PASS" start="2026-03-15T11:53:18.550509" elapsed="0.006240"/>
</kw>
<kw name="Should Be Equal As Integers" owner="BuiltIn">
<msg time="2026-03-15T11:53:18.557906" level="INFO">Argument types are:
&lt;class 'int'&gt;
&lt;class 'str'&gt;</msg>
<arg>${response.status_code}</arg>
<arg>200</arg>
<doc>Fails if objects are unequal after converting them to integers.</doc>
<status status="PASS" start="2026-03-15T11:53:18.557224" elapsed="0.000911"/>
</kw>
<kw name="Set Variable" owner="BuiltIn">
<msg time="2026-03-15T11:53:18.559221" level="INFO">${json_body} = {'id': 22, 'name': 'Oscar Baker', 'dob': '2006-06-14', 'class': 1, 'className': 'Ampere'}</msg>
<var>${json_body}</var>
<arg>${response.json()}</arg>
<doc>Returns the given values which can then be assigned to a variables.</doc>
<status status="PASS" start="2026-03-15T11:53:18.558603" elapsed="0.000643"/>
</kw>
<kw name="Should Have Key">
<kw name="Should Be True" owner="BuiltIn">
<arg>'${key}' in ${dictionary}</arg>
<arg>Dictionary does not have key '${key}'</arg>
<doc>Fails if the given condition is not true.</doc>
<status status="PASS" start="2026-03-15T11:53:18.560030" elapsed="0.000674"/>
</kw>
<arg>${json_body}</arg>
<arg>id</arg>
<doc>Keyword to check if dictionary has a specific key</doc>
<status status="PASS" start="2026-03-15T11:53:18.559682" elapsed="0.001148"/>
</kw>
<kw name="Should Have Key">
<kw name="Should Be True" owner="BuiltIn">
<arg>'${key}' in ${dictionary}</arg>
<arg>Dictionary does not have key '${key}'</arg>
<doc>Fails if the given condition is not true.</doc>
<status status="PASS" start="2026-03-15T11:53:18.561898" elapsed="0.000540"/>
</kw>
<arg>${json_body}</arg>
<arg>name</arg>
<doc>Keyword to check if dictionary has a specific key</doc>
<status status="PASS" start="2026-03-15T11:53:18.561483" elapsed="0.001043"/>
</kw>
<kw name="Should Have Key">
<kw name="Should Be True" owner="BuiltIn">
<arg>'${key}' in ${dictionary}</arg>
<arg>Dictionary does not have key '${key}'</arg>
<doc>Fails if the given condition is not true.</doc>
<status status="PASS" start="2026-03-15T11:53:18.563439" elapsed="0.000566"/>
</kw>
<arg>${json_body}</arg>
<arg>dob</arg>
<doc>Keyword to check if dictionary has a specific key</doc>
<status status="PASS" start="2026-03-15T11:53:18.563106" elapsed="0.000987"/>
</kw>
<kw name="Should Have Key">
<kw name="Should Be True" owner="BuiltIn">
<arg>'${key}' in ${dictionary}</arg>
<arg>Dictionary does not have key '${key}'</arg>
<doc>Fails if the given condition is not true.</doc>
<status status="PASS" start="2026-03-15T11:53:18.564867" elapsed="0.000558"/>
</kw>
<arg>${json_body}</arg>
<arg>class</arg>
<doc>Keyword to check if dictionary has a specific key</doc>
<status status="PASS" start="2026-03-15T11:53:18.564506" elapsed="0.001013"/>
</kw>
<kw name="Should Be True" owner="BuiltIn">
<arg>isinstance(${json_body['id']}, int)</arg>
<doc>Fails if the given condition is not true.</doc>
<status status="PASS" start="2026-03-15T11:53:18.566090" elapsed="0.000819"/>
</kw>
<kw name="Should Be True" owner="BuiltIn">
<msg time="2026-03-15T11:53:18.568748" level="FAIL">Evaluating expression 'isinstance(Oscar Baker, str)' failed: SyntaxError: invalid syntax. Perhaps you forgot a comma? (&lt;string&gt;, line 1)</msg>
<arg>isinstance(${json_body['name']}, str)</arg>
<doc>Fails if the given condition is not true.</doc>
<status status="FAIL" start="2026-03-15T11:53:18.567422" elapsed="0.001474">Evaluating expression 'isinstance(Oscar Baker, str)' failed: SyntaxError: invalid syntax. Perhaps you forgot a comma? (&lt;string&gt;, line 1)</status>
</kw>
<kw name="Should Be True" owner="BuiltIn">
<arg>isinstance(${json_body['dob']}, str)</arg>
<doc>Fails if the given condition is not true.</doc>
<status status="NOT RUN" start="2026-03-15T11:53:18.569319" elapsed="0.000038"/>
</kw>
<kw name="Should Be True" owner="BuiltIn">
<arg>isinstance(${json_body['class']}, int)</arg>
<doc>Fails if the given condition is not true.</doc>
<status status="NOT RUN" start="2026-03-15T11:53:18.569794" elapsed="0.000038"/>
</kw>
<doc>Test that student 22 response has all expected fields</doc>
<tag>get</tag>
<tag>structure</tag>
<tag>students</tag>
<status status="FAIL" start="2026-03-15T11:53:18.547510" elapsed="0.022824">Evaluating expression 'isinstance(Oscar Baker, str)' failed: SyntaxError: invalid syntax. Perhaps you forgot a comma? (&lt;string&gt;, line 1)</status>
</test>
<test id="s1-s1-t9" name="Test Performance Report Has Correct Data Structure" line="228">
<kw name="Create Session" owner="RequestsLibrary">
<msg time="2026-03-15T11:53:18.572435" level="INFO">Creating Session using : alias=api_session, url=http://localhost:3001, headers={},                     cookies={}, auth=None, timeout=None, proxies=None, verify=False,                     debug=0 </msg>
<arg>api_session</arg>
<arg>${BASE_URL}</arg>
<doc>Create Session: create a HTTP session to a server</doc>
<status status="PASS" start="2026-03-15T11:53:18.572052" elapsed="0.000592"/>
</kw>
<kw name="Create Dictionary" owner="BuiltIn">
<msg time="2026-03-15T11:53:18.573880" level="INFO">${params} = {'userName': 'testuser'}</msg>
<var>${params}</var>
<arg>userName=${USERNAME}</arg>
<doc>Creates and returns a dictionary based on the given ``items``.</doc>
<status status="PASS" start="2026-03-15T11:53:18.573347" elapsed="0.000569"/>
</kw>
<kw name="GET On Session" owner="RequestsLibrary">
<msg time="2026-03-15T11:53:18.579109" level="INFO">GET Request : url=http://localhost:3001/reports/performance?userName=testuser 
 path_url=/reports/performance?userName=testuser 
 headers={'User-Agent': 'python-requests/2.32.5', 'Accept-Encoding': 'gzip, deflate', 'Accept': '*/*', 'Connection': 'keep-alive'} 
 body=None 
 </msg>
<msg time="2026-03-15T11:53:18.579220" level="INFO">GET Response : url=http://localhost:3001/reports/performance?userName=testuser 
 status=404, reason=Not Found 
 headers={'X-Powered-By': 'Express', 'Content-Security-Policy': "default-src 'none'", 'X-Content-Type-Options': 'nosniff', 'Content-Type': 'text/html; charset=utf-8', 'Content-Length': '158', 'Date': 'Sun, 15 Mar 2026 10:53:18 GMT', 'Connection': 'keep-alive', 'Keep-Alive': 'timeout=5'} 
 body=&lt;!DOCTYPE html&gt;
&lt;html lang="en"&gt;
&lt;head&gt;
&lt;meta charset="utf-8"&gt;
&lt;title&gt;Error&lt;/title&gt;
&lt;/head&gt;
&lt;body&gt;
&lt;pre&gt;Cannot GET /reports/performance&lt;/pre&gt;
&lt;/body&gt;
&lt;/html&gt;
 
 </msg>
<msg time="2026-03-15T11:53:18.579398" level="FAIL">HTTPError: 404 Client Error: Not Found for url: http://localhost:3001/reports/performance?userName=testuser</msg>
<var>${response}</var>
<arg>api_session</arg>
<arg>/reports/performance</arg>
<arg>params=${params}</arg>
<doc>Sends a GET request on a previously created HTTP Session.</doc>
<status status="FAIL" start="2026-03-15T11:53:18.574379" elapsed="0.006151">HTTPError: 404 Client Error: Not Found for url: http://localhost:3001/reports/performance?userName=testuser</status>
</kw>
<kw name="Should Be Equal As Integers" owner="BuiltIn">
<arg>${response.status_code}</arg>
<arg>200</arg>
<doc>Fails if objects are unequal after converting them to integers.</doc>
<status status="NOT RUN" start="2026-03-15T11:53:18.580949" elapsed="0.000045"/>
</kw>
<kw name="Set Variable" owner="BuiltIn">
<var>${json_body}</var>
<arg>${response.json()}</arg>
<doc>Returns the given values which can then be assigned to a variables.</doc>
<status status="NOT RUN" start="2026-03-15T11:53:18.581420" elapsed="0.000028"/>
</kw>
<for flavor="IN">
<iter>
<kw name="Should Have Key">
<arg>${entry}</arg>
<arg>idStudent</arg>
<doc>Keyword to check if dictionary has a specific key</doc>
<status status="NOT RUN" start="2026-03-15T11:53:18.582074" elapsed="0.000028"/>
</kw>
<kw name="Should Have Key">
<arg>${entry}</arg>
<arg>nameStudent</arg>
<doc>Keyword to check if dictionary has a specific key</doc>
<status status="NOT RUN" start="2026-03-15T11:53:18.582194" elapsed="0.000014"/>
</kw>
<kw name="Should Have Key">
<arg>${entry}</arg>
<arg>dob</arg>
<doc>Keyword to check if dictionary has a specific key</doc>
<status status="NOT RUN" start="2026-03-15T11:53:18.582486" elapsed="0.000022"/>
</kw>
<kw name="Should Have Key">
<arg>${entry}</arg>
<arg>idClass</arg>
<doc>Keyword to check if dictionary has a specific key</doc>
<status status="NOT RUN" start="2026-03-15T11:53:18.582590" elapsed="0.000014"/>
</kw>
<kw name="Should Have Key">
<arg>${entry}</arg>
<arg>nameClass</arg>
<doc>Keyword to check if dictionary has a specific key</doc>
<status status="NOT RUN" start="2026-03-15T11:53:18.582689" elapsed="0.000013"/>
</kw>
<kw name="Should Have Key">
<arg>${entry}</arg>
<arg>subjectStats</arg>
<doc>Keyword to check if dictionary has a specific key</doc>
<status status="NOT RUN" start="2026-03-15T11:53:18.582775" elapsed="0.000014"/>
</kw>
<kw name="Get From Dictionary" owner="Collections">
<var>${stats}</var>
<arg>${entry}</arg>
<arg>subjectStats</arg>
<doc>Returns a value from the given ``dictionary`` based on the given ``key``.</doc>
<status status="NOT RUN" start="2026-03-15T11:53:18.582898" elapsed="0.000016"/>
</kw>
<for flavor="IN">
<iter>
<kw name="Should Have Key">
<arg>${stat}</arg>
<arg>idSubject</arg>
<doc>Keyword to check if dictionary has a specific key</doc>
<status status="NOT RUN" start="2026-03-15T11:53:18.583109" elapsed="0.000015"/>
</kw>
<kw name="Should Have Key">
<arg>${stat}</arg>
<arg>nameSubject</arg>
<doc>Keyword to check if dictionary has a specific key</doc>
<status status="NOT RUN" start="2026-03-15T11:53:18.583202" elapsed="0.000015"/>
</kw>
<kw name="Should Have Key">
<arg>${stat}</arg>
<arg>value</arg>
<doc>Keyword to check if dictionary has a specific key</doc>
<status status="NOT RUN" start="2026-03-15T11:53:18.583303" elapsed="0.000015"/>
</kw>
<var name="${stat}"/>
<status status="NOT RUN" start="2026-03-15T11:53:18.583040" elapsed="0.000304"/>
</iter>
<var>${stat}</var>
<value>@{stats}</value>
<status status="NOT RUN" start="2026-03-15T11:53:18.582965" elapsed="0.000412"/>
</for>
<var name="${entry}"/>
<status status="NOT RUN" start="2026-03-15T11:53:18.581907" elapsed="0.001506"/>
</iter>
<var>${entry}</var>
<value>@{json_body}</value>
<status status="NOT RUN" start="2026-03-15T11:53:18.581752" elapsed="0.001679"/>
</for>
<doc>Test that performance report follows correct schema</doc>
<tag>performance</tag>
<tag>reports</tag>
<tag>schema</tag>
<status status="FAIL" start="2026-03-15T11:53:18.571210" elapsed="0.012677">HTTPError: 404 Client Error: Not Found for url: http://localhost:3001/reports/performance?userName=testuser</status>
</test>
<status status="FAIL" start="2026-03-15T11:53:17.973243" elapsed="0.611923"/>
</suite>
<status status="FAIL" start="2026-03-15T11:53:17.880705" elapsed="0.705698"/>
</suite>
<statistics>
<total>
<stat pass="1" fail="8" skip="0">All Tests</stat>
</total>
<tag>
<stat pass="0" fail="4" skip="0">add</stat>
<stat pass="1" fail="1" skip="0">get</stat>
<stat pass="0" fail="4" skip="0">grades</stat>
<stat pass="0" fail="1" skip="0">integration</stat>
<stat pass="0" fail="3" skip="0">performance</stat>
<stat pass="0" fail="4" skip="0">post</stat>
<stat pass="0" fail="3" skip="0">reports</stat>
<stat pass="0" fail="1" skip="0">schema</stat>
<stat pass="0" fail="1" skip="0">structure</stat>
<stat pass="1" fail="1" skip="0">students</stat>
</tag>
<suite>
<stat name="Tests" id="s1" pass="1" fail="8" skip="0">Tests</stat>
<stat name="Api Tests" id="s1-s1" pass="1" fail="8" skip="0">Tests.Api Tests</stat>
</suite>
</statistics>
<errors>
</errors>
</robot>
